
> @smartgov/auth@0.1.0 type-check
> tsc --noEmit

src/components/ProtectedRoute.tsx(5,27): error TS2307: Cannot find module '@smartgov/database' or its corresponding type declarations.
  There are types at '/home/joshfermano/Thesis/smart-gov/node_modules/@smartgov/database/dist/index.d.ts', but this result could not be resolved under your current 'moduleResolution' setting. Consider updating to 'node16', 'nodenext', or 'bundler'.
src/middleware.ts(4,29): error TS2307: Cannot find module '@smartgov/database' or its corresponding type declarations.
  There are types at '/home/joshfermano/Thesis/smart-gov/node_modules/@smartgov/database/dist/index.d.ts', but this result could not be resolved under your current 'moduleResolution' setting. Consider updating to 'node16', 'nodenext', or 'bundler'.
npm error Lifecycle script `type-check` failed with error:
npm error code 1
npm error path /home/joshfermano/Thesis/smart-gov/packages/auth
npm error workspace @smartgov/auth@0.1.0
npm error location /home/joshfermano/Thesis/smart-gov/packages/auth
npm error command failed
npm error command sh -c tsc --noEmit
